0 verbose cli /Users/premecwy/.nvm/versions/node/v22.18.0/bin/node /Users/premecwy/.nvm/versions/node/v22.18.0/bin/npm
1 info using npm@10.9.3
2 info using node@v22.18.0
3 silly config load:file:/Users/premecwy/.nvm/versions/node/v22.18.0/lib/node_modules/npm/npmrc
4 silly config load:file:/Users/premecwy/Desktop/python-talk/main-app/.npmrc
5 silly config load:file:/Users/premecwy/.npmrc
6 silly config load:file:/Users/premecwy/.nvm/versions/node/v22.18.0/etc/npmrc
7 verbose title npm install
8 verbose argv "install" "--cache" "/Users/premecwy/Desktop/python-talk/main-app/.npm-cache"
9 verbose logfile logs-max:10 dir:/Users/premecwy/Desktop/python-talk/main-app/.npm-cache/_logs/2026-01-12T19_15_48_171Z-
10 verbose logfile /Users/premecwy/Desktop/python-talk/main-app/.npm-cache/_logs/2026-01-12T19_15_48_171Z-debug-0.log
11 silly logfile done cleaning log files
12 silly packumentCache heap:2197815296 maxSize:549453824 maxEntrySize:274726912
13 silly idealTree buildDeps
14 silly reify moves {}
15 silly audit bulk request {
15 silly audit   '@babel/helper-string-parser': [ '7.27.1' ],
15 silly audit   '@babel/helper-validator-identifier': [ '7.28.5' ],
15 silly audit   '@babel/parser': [ '7.28.5' ],
15 silly audit   '@babel/types': [ '7.28.5' ],
15 silly audit   '@esbuild/aix-ppc64': [ '0.21.5' ],
15 silly audit   '@esbuild/android-arm': [ '0.21.5' ],
15 silly audit   '@esbuild/android-arm64': [ '0.21.5' ],
15 silly audit   '@esbuild/android-x64': [ '0.21.5' ],
15 silly audit   '@esbuild/darwin-arm64': [ '0.21.5' ],
15 silly audit   '@esbuild/darwin-x64': [ '0.21.5' ],
15 silly audit   '@esbuild/freebsd-arm64': [ '0.21.5' ],
15 silly audit   '@esbuild/freebsd-x64': [ '0.21.5' ],
15 silly audit   '@esbuild/linux-arm': [ '0.21.5' ],
15 silly audit   '@esbuild/linux-arm64': [ '0.21.5' ],
15 silly audit   '@esbuild/linux-ia32': [ '0.21.5' ],
15 silly audit   '@esbuild/linux-loong64': [ '0.21.5' ],
15 silly audit   '@esbuild/linux-mips64el': [ '0.21.5' ],
15 silly audit   '@esbuild/linux-ppc64': [ '0.21.5' ],
15 silly audit   '@esbuild/linux-riscv64': [ '0.21.5' ],
15 silly audit   '@esbuild/linux-s390x': [ '0.21.5' ],
15 silly audit   '@esbuild/linux-x64': [ '0.21.5' ],
15 silly audit   '@esbuild/netbsd-x64': [ '0.21.5' ],
15 silly audit   '@esbuild/openbsd-x64': [ '0.21.5' ],
15 silly audit   '@esbuild/sunos-x64': [ '0.21.5' ],
15 silly audit   '@esbuild/win32-arm64': [ '0.21.5' ],
15 silly audit   '@esbuild/win32-ia32': [ '0.21.5' ],
15 silly audit   '@esbuild/win32-x64': [ '0.21.5' ],
15 silly audit   '@jridgewell/sourcemap-codec': [ '1.5.5' ],
15 silly audit   '@monaco-editor/loader': [ '1.7.0' ],
15 silly audit   '@rollup/rollup-android-arm-eabi': [ '4.54.0' ],
15 silly audit   '@rollup/rollup-android-arm64': [ '4.54.0' ],
15 silly audit   '@rollup/rollup-darwin-arm64': [ '4.54.0' ],
15 silly audit   '@rollup/rollup-darwin-x64': [ '4.54.0' ],
15 silly audit   '@rollup/rollup-freebsd-arm64': [ '4.54.0' ],
15 silly audit   '@rollup/rollup-freebsd-x64': [ '4.54.0' ],
15 silly audit   '@rollup/rollup-linux-arm-gnueabihf': [ '4.54.0' ],
15 silly audit   '@rollup/rollup-linux-arm-musleabihf': [ '4.54.0' ],
15 silly audit   '@rollup/rollup-linux-arm64-gnu': [ '4.54.0' ],
15 silly audit   '@rollup/rollup-linux-arm64-musl': [ '4.54.0' ],
15 silly audit   '@rollup/rollup-linux-loong64-gnu': [ '4.54.0' ],
15 silly audit   '@rollup/rollup-linux-ppc64-gnu': [ '4.54.0' ],
15 silly audit   '@rollup/rollup-linux-riscv64-gnu': [ '4.54.0' ],
15 silly audit   '@rollup/rollup-linux-riscv64-musl': [ '4.54.0' ],
15 silly audit   '@rollup/rollup-linux-s390x-gnu': [ '4.54.0' ],
15 silly audit   '@rollup/rollup-linux-x64-gnu': [ '4.54.0' ],
15 silly audit   '@rollup/rollup-linux-x64-musl': [ '4.54.0' ],
15 silly audit   '@rollup/rollup-openharmony-arm64': [ '4.54.0' ],
15 silly audit   '@rollup/rollup-win32-arm64-msvc': [ '4.54.0' ],
15 silly audit   '@rollup/rollup-win32-ia32-msvc': [ '4.54.0' ],
15 silly audit   '@rollup/rollup-win32-x64-gnu': [ '4.54.0' ],
15 silly audit   '@rollup/rollup-win32-x64-msvc': [ '4.54.0' ],
15 silly audit   '@types/estree': [ '1.0.8' ],
15 silly audit   '@vitejs/plugin-vue': [ '5.2.4' ],
15 silly audit   '@vue/compiler-core': [ '3.5.26' ],
15 silly audit   '@vue/compiler-dom': [ '3.5.26' ],
15 silly audit   '@vue/compiler-sfc': [ '3.5.26' ],
15 silly audit   '@vue/compiler-ssr': [ '3.5.26' ],
15 silly audit   '@vue/devtools-api': [ '6.6.4' ],
15 silly audit   '@vue/reactivity': [ '3.5.26' ],
15 silly audit   '@vue/runtime-core': [ '3.5.26' ],
15 silly audit   '@vue/runtime-dom': [ '3.5.26' ],
15 silly audit   '@vue/server-renderer': [ '3.5.26' ],
15 silly audit   '@vue/shared': [ '3.5.26' ],
15 silly audit   asynckit: [ '0.4.0' ],
15 silly audit   axios: [ '1.13.2' ],
15 silly audit   'call-bind-apply-helpers': [ '1.0.2' ],
15 silly audit   'combined-stream': [ '1.0.8' ],
15 silly audit   csstype: [ '3.2.3' ],
15 silly audit   'delayed-stream': [ '1.0.0' ],
15 silly audit   'dunder-proto': [ '1.0.1' ],
15 silly audit   entities: [ '7.0.0' ],
15 silly audit   'es-define-property': [ '1.0.1' ],
15 silly audit   'es-errors': [ '1.3.0' ],
15 silly audit   'es-object-atoms': [ '1.1.1' ],
15 silly audit   'es-set-tostringtag': [ '2.1.0' ],
15 silly audit   esbuild: [ '0.21.5' ],
15 silly audit   'estree-walker': [ '2.0.2' ],
15 silly audit   'follow-redirects': [ '1.15.11' ],
15 silly audit   'form-data': [ '4.0.5' ],
15 silly audit   fsevents: [ '2.3.3' ],
15 silly audit   'function-bind': [ '1.1.2' ],
15 silly audit   'get-intrinsic': [ '1.3.0' ],
15 silly audit   'get-proto': [ '1.0.1' ],
15 silly audit   gopd: [ '1.2.0' ],
15 silly audit   'has-symbols': [ '1.1.0' ],
15 silly audit   'has-tostringtag': [ '1.0.2' ],
15 silly audit   hasown: [ '2.0.2' ],
15 silly audit   'magic-string': [ '0.30.21' ],
15 silly audit   'math-intrinsics': [ '1.1.0' ],
15 silly audit   'mime-db': [ '1.52.0' ],
15 silly audit   'mime-types': [ '2.1.35' ],
15 silly audit   nanoid: [ '3.3.11' ],
15 silly audit   picocolors: [ '1.1.1' ],
15 silly audit   postcss: [ '8.5.6' ],
15 silly audit   'proxy-from-env': [ '1.1.0' ],
15 silly audit   rollup: [ '4.54.0' ],
15 silly audit   'source-map-js': [ '1.2.1' ],
15 silly audit   'state-local': [ '1.0.7' ],
15 silly audit   vite: [ '5.4.21' ],
15 silly audit   vue: [ '3.5.26' ],
15 silly audit   'vue-router': [ '4.6.4' ]
15 silly audit }
16 verbose reify failed optional dependency /Users/premecwy/Desktop/python-talk/main-app/node_modules/@rollup/rollup-win32-x64-msvc
17 silly reify mark deleted [
17 silly reify   '/Users/premecwy/Desktop/python-talk/main-app/node_modules/@rollup/rollup-win32-x64-msvc'
17 silly reify ]
18 verbose reify failed optional dependency /Users/premecwy/Desktop/python-talk/main-app/node_modules/@rollup/rollup-win32-x64-gnu
19 silly reify mark deleted [
19 silly reify   '/Users/premecwy/Desktop/python-talk/main-app/node_modules/@rollup/rollup-win32-x64-gnu'
19 silly reify ]
20 verbose reify failed optional dependency /Users/premecwy/Desktop/python-talk/main-app/node_modules/@rollup/rollup-win32-ia32-msvc
21 silly reify mark deleted [
21 silly reify   '/Users/premecwy/Desktop/python-talk/main-app/node_modules/@rollup/rollup-win32-ia32-msvc'
21 silly reify ]
22 verbose reify failed optional dependency /Users/premecwy/Desktop/python-talk/main-app/node_modules/@rollup/rollup-win32-arm64-msvc
23 silly reify mark deleted [
23 silly reify   '/Users/premecwy/Desktop/python-talk/main-app/node_modules/@rollup/rollup-win32-arm64-msvc'
23 silly reify ]
24 verbose reify failed optional dependency /Users/premecwy/Desktop/python-talk/main-app/node_modules/@rollup/rollup-openharmony-arm64
25 silly reify mark deleted [
25 silly reify   '/Users/premecwy/Desktop/python-talk/main-app/node_modules/@rollup/rollup-openharmony-arm64'
25 silly reify ]
26 verbose reify failed optional dependency /Users/premecwy/Desktop/python-talk/main-app/node_modules/@rollup/rollup-linux-x64-musl
27 silly reify mark deleted [
27 silly reify   '/Users/premecwy/Desktop/python-talk/main-app/node_modules/@rollup/rollup-linux-x64-musl'
27 silly reify ]
28 verbose reify failed optional dependency /Users/premecwy/Desktop/python-talk/main-app/node_modules/@rollup/rollup-linux-x64-gnu
29 silly reify mark deleted [
29 silly reify   '/Users/premecwy/Desktop/python-talk/main-app/node_modules/@rollup/rollup-linux-x64-gnu'
29 silly reify ]
30 verbose reify failed optional dependency /Users/premecwy/Desktop/python-talk/main-app/node_modules/@rollup/rollup-linux-s390x-gnu
31 silly reify mark deleted [
31 silly reify   '/Users/premecwy/Desktop/python-talk/main-app/node_modules/@rollup/rollup-linux-s390x-gnu'
31 silly reify ]
32 verbose reify failed optional dependency /Users/premecwy/Desktop/python-talk/main-app/node_modules/@rollup/rollup-linux-riscv64-musl
33 silly reify mark deleted [
33 silly reify   '/Users/premecwy/Desktop/python-talk/main-app/node_modules/@rollup/rollup-linux-riscv64-musl'
33 silly reify ]
34 verbose reify failed optional dependency /Users/premecwy/Desktop/python-talk/main-app/node_modules/@rollup/rollup-linux-riscv64-gnu
35 silly reify mark deleted [
35 silly reify   '/Users/premecwy/Desktop/python-talk/main-app/node_modules/@rollup/rollup-linux-riscv64-gnu'
35 silly reify ]
36 verbose reify failed optional dependency /Users/premecwy/Desktop/python-talk/main-app/node_modules/@rollup/rollup-linux-ppc64-gnu
37 silly reify mark deleted [
37 silly reify   '/Users/premecwy/Desktop/python-talk/main-app/node_modules/@rollup/rollup-linux-ppc64-gnu'
37 silly reify ]
38 verbose reify failed optional dependency /Users/premecwy/Desktop/python-talk/main-app/node_modules/@rollup/rollup-linux-loong64-gnu
39 silly reify mark deleted [
39 silly reify   '/Users/premecwy/Desktop/python-talk/main-app/node_modules/@rollup/rollup-linux-loong64-gnu'
39 silly reify ]
40 verbose reify failed optional dependency /Users/premecwy/Desktop/python-talk/main-app/node_modules/@rollup/rollup-linux-arm64-musl
41 silly reify mark deleted [
41 silly reify   '/Users/premecwy/Desktop/python-talk/main-app/node_modules/@rollup/rollup-linux-arm64-musl'
41 silly reify ]
42 verbose reify failed optional dependency /Users/premecwy/Desktop/python-talk/main-app/node_modules/@rollup/rollup-linux-arm64-gnu
43 silly reify mark deleted [
43 silly reify   '/Users/premecwy/Desktop/python-talk/main-app/node_modules/@rollup/rollup-linux-arm64-gnu'
43 silly reify ]
44 verbose reify failed optional dependency /Users/premecwy/Desktop/python-talk/main-app/node_modules/@rollup/rollup-linux-arm-musleabihf
45 silly reify mark deleted [
45 silly reify   '/Users/premecwy/Desktop/python-talk/main-app/node_modules/@rollup/rollup-linux-arm-musleabihf'
45 silly reify ]
46 verbose reify failed optional dependency /Users/premecwy/Desktop/python-talk/main-app/node_modules/@rollup/rollup-linux-arm-gnueabihf
47 silly reify mark deleted [
47 silly reify   '/Users/premecwy/Desktop/python-talk/main-app/node_modules/@rollup/rollup-linux-arm-gnueabihf'
47 silly reify ]
48 verbose reify failed optional dependency /Users/premecwy/Desktop/python-talk/main-app/node_modules/@rollup/rollup-freebsd-x64
49 silly reify mark deleted [
49 silly reify   '/Users/premecwy/Desktop/python-talk/main-app/node_modules/@rollup/rollup-freebsd-x64'
49 silly reify ]
50 verbose reify failed optional dependency /Users/premecwy/Desktop/python-talk/main-app/node_modules/@rollup/rollup-freebsd-arm64
51 silly reify mark deleted [
51 silly reify   '/Users/premecwy/Desktop/python-talk/main-app/node_modules/@rollup/rollup-freebsd-arm64'
51 silly reify ]
52 verbose reify failed optional dependency /Users/premecwy/Desktop/python-talk/main-app/node_modules/@rollup/rollup-darwin-x64
53 silly reify mark deleted [
53 silly reify   '/Users/premecwy/Desktop/python-talk/main-app/node_modules/@rollup/rollup-darwin-x64'
53 silly reify ]
54 verbose reify failed optional dependency /Users/premecwy/Desktop/python-talk/main-app/node_modules/@rollup/rollup-android-arm64
55 silly reify mark deleted [
55 silly reify   '/Users/premecwy/Desktop/python-talk/main-app/node_modules/@rollup/rollup-android-arm64'
55 silly reify ]
56 verbose reify failed optional dependency /Users/premecwy/Desktop/python-talk/main-app/node_modules/@rollup/rollup-android-arm-eabi
57 silly reify mark deleted [
57 silly reify   '/Users/premecwy/Desktop/python-talk/main-app/node_modules/@rollup/rollup-android-arm-eabi'
57 silly reify ]
58 verbose reify failed optional dependency /Users/premecwy/Desktop/python-talk/main-app/node_modules/@esbuild/win32-x64
59 silly reify mark deleted [
59 silly reify   '/Users/premecwy/Desktop/python-talk/main-app/node_modules/@esbuild/win32-x64'
59 silly reify ]
60 verbose reify failed optional dependency /Users/premecwy/Desktop/python-talk/main-app/node_modules/@esbuild/win32-ia32
61 silly reify mark deleted [
61 silly reify   '/Users/premecwy/Desktop/python-talk/main-app/node_modules/@esbuild/win32-ia32'
61 silly reify ]
62 verbose reify failed optional dependency /Users/premecwy/Desktop/python-talk/main-app/node_modules/@esbuild/win32-arm64
63 silly reify mark deleted [
63 silly reify   '/Users/premecwy/Desktop/python-talk/main-app/node_modules/@esbuild/win32-arm64'
63 silly reify ]
64 verbose reify failed optional dependency /Users/premecwy/Desktop/python-talk/main-app/node_modules/@esbuild/sunos-x64
65 silly reify mark deleted [
65 silly reify   '/Users/premecwy/Desktop/python-talk/main-app/node_modules/@esbuild/sunos-x64'
65 silly reify ]
66 verbose reify failed optional dependency /Users/premecwy/Desktop/python-talk/main-app/node_modules/@esbuild/openbsd-x64
67 silly reify mark deleted [
67 silly reify   '/Users/premecwy/Desktop/python-talk/main-app/node_modules/@esbuild/openbsd-x64'
67 silly reify ]
68 verbose reify failed optional dependency /Users/premecwy/Desktop/python-talk/main-app/node_modules/@esbuild/netbsd-x64
69 silly reify mark deleted [
69 silly reify   '/Users/premecwy/Desktop/python-talk/main-app/node_modules/@esbuild/netbsd-x64'
69 silly reify ]
70 verbose reify failed optional dependency /Users/premecwy/Desktop/python-talk/main-app/node_modules/@esbuild/linux-x64
71 silly reify mark deleted [
71 silly reify   '/Users/premecwy/Desktop/python-talk/main-app/node_modules/@esbuild/linux-x64'
71 silly reify ]
72 verbose reify failed optional dependency /Users/premecwy/Desktop/python-talk/main-app/node_modules/@esbuild/linux-s390x
73 silly reify mark deleted [
73 silly reify   '/Users/premecwy/Desktop/python-talk/main-app/node_modules/@esbuild/linux-s390x'
73 silly reify ]
74 verbose reify failed optional dependency /Users/premecwy/Desktop/python-talk/main-app/node_modules/@esbuild/linux-riscv64
75 silly reify mark deleted [
75 silly reify   '/Users/premecwy/Desktop/python-talk/main-app/node_modules/@esbuild/linux-riscv64'
75 silly reify ]
76 verbose reify failed optional dependency /Users/premecwy/Desktop/python-talk/main-app/node_modules/@esbuild/linux-ppc64
77 silly reify mark deleted [
77 silly reify   '/Users/premecwy/Desktop/python-talk/main-app/node_modules/@esbuild/linux-ppc64'
77 silly reify ]
78 verbose reify failed optional dependency /Users/premecwy/Desktop/python-talk/main-app/node_modules/@esbuild/linux-mips64el
79 silly reify mark deleted [
79 silly reify   '/Users/premecwy/Desktop/python-talk/main-app/node_modules/@esbuild/linux-mips64el'
79 silly reify ]
80 verbose reify failed optional dependency /Users/premecwy/Desktop/python-talk/main-app/node_modules/@esbuild/linux-loong64
81 silly reify mark deleted [
81 silly reify   '/Users/premecwy/Desktop/python-talk/main-app/node_modules/@esbuild/linux-loong64'
81 silly reify ]
82 verbose reify failed optional dependency /Users/premecwy/Desktop/python-talk/main-app/node_modules/@esbuild/linux-ia32
83 silly reify mark deleted [
83 silly reify   '/Users/premecwy/Desktop/python-talk/main-app/node_modules/@esbuild/linux-ia32'
83 silly reify ]
84 verbose reify failed optional dependency /Users/premecwy/Desktop/python-talk/main-app/node_modules/@esbuild/linux-arm64
85 silly reify mark deleted [
85 silly reify   '/Users/premecwy/Desktop/python-talk/main-app/node_modules/@esbuild/linux-arm64'
85 silly reify ]
86 verbose reify failed optional dependency /Users/premecwy/Desktop/python-talk/main-app/node_modules/@esbuild/linux-arm
87 silly reify mark deleted [
87 silly reify   '/Users/premecwy/Desktop/python-talk/main-app/node_modules/@esbuild/linux-arm'
87 silly reify ]
88 verbose reify failed optional dependency /Users/premecwy/Desktop/python-talk/main-app/node_modules/@esbuild/freebsd-x64
89 silly reify mark deleted [
89 silly reify   '/Users/premecwy/Desktop/python-talk/main-app/node_modules/@esbuild/freebsd-x64'
89 silly reify ]
90 verbose reify failed optional dependency /Users/premecwy/Desktop/python-talk/main-app/node_modules/@esbuild/freebsd-arm64
91 silly reify mark deleted [
91 silly reify   '/Users/premecwy/Desktop/python-talk/main-app/node_modules/@esbuild/freebsd-arm64'
91 silly reify ]
92 verbose reify failed optional dependency /Users/premecwy/Desktop/python-talk/main-app/node_modules/@esbuild/darwin-x64
93 silly reify mark deleted [
93 silly reify   '/Users/premecwy/Desktop/python-talk/main-app/node_modules/@esbuild/darwin-x64'
93 silly reify ]
94 verbose reify failed optional dependency /Users/premecwy/Desktop/python-talk/main-app/node_modules/@esbuild/android-x64
95 silly reify mark deleted [
95 silly reify   '/Users/premecwy/Desktop/python-talk/main-app/node_modules/@esbuild/android-x64'
95 silly reify ]
96 verbose reify failed optional dependency /Users/premecwy/Desktop/python-talk/main-app/node_modules/@esbuild/android-arm64
97 silly reify mark deleted [
97 silly reify   '/Users/premecwy/Desktop/python-talk/main-app/node_modules/@esbuild/android-arm64'
97 silly reify ]
98 verbose reify failed optional dependency /Users/premecwy/Desktop/python-talk/main-app/node_modules/@esbuild/android-arm
99 silly reify mark deleted [
99 silly reify   '/Users/premecwy/Desktop/python-talk/main-app/node_modules/@esbuild/android-arm'
99 silly reify ]
100 verbose reify failed optional dependency /Users/premecwy/Desktop/python-talk/main-app/node_modules/@esbuild/aix-ppc64
101 silly reify mark deleted [
101 silly reify   '/Users/premecwy/Desktop/python-talk/main-app/node_modules/@esbuild/aix-ppc64'
101 silly reify ]
102 http cache vue-router@https://registry.npmjs.org/vue-router/-/vue-router-4.6.4.tgz 0ms (cache hit)
103 http cache vue@https://registry.npmjs.org/vue/-/vue-3.5.26.tgz 0ms (cache hit)
104 http cache vite@https://registry.npmjs.org/vite/-/vite-5.4.21.tgz 0ms (cache hit)
105 http cache state-local@https://registry.npmjs.org/state-local/-/state-local-1.0.7.tgz 0ms (cache hit)
106 http cache source-map-js@https://registry.npmjs.org/source-map-js/-/source-map-js-1.2.1.tgz 0ms (cache hit)
107 http cache rollup@https://registry.npmjs.org/rollup/-/rollup-4.54.0.tgz 0ms (cache hit)
108 http cache proxy-from-env@https://registry.npmjs.org/proxy-from-env/-/proxy-from-env-1.1.0.tgz 0ms (cache hit)
109 http cache postcss@https://registry.npmjs.org/postcss/-/postcss-8.5.6.tgz 0ms (cache hit)
110 http cache picocolors@https://registry.npmjs.org/picocolors/-/picocolors-1.1.1.tgz 0ms (cache hit)
111 http cache nanoid@https://registry.npmjs.org/nanoid/-/nanoid-3.3.11.tgz 0ms (cache hit)
112 http cache mime-types@https://registry.npmjs.org/mime-types/-/mime-types-2.1.35.tgz 0ms (cache hit)
113 http cache mime-db@https://registry.npmjs.org/mime-db/-/mime-db-1.52.0.tgz 0ms (cache hit)
114 http cache math-intrinsics@https://registry.npmjs.org/math-intrinsics/-/math-intrinsics-1.1.0.tgz 0ms (cache hit)
115 http cache magic-string@https://registry.npmjs.org/magic-string/-/magic-string-0.30.21.tgz 0ms (cache hit)
116 http cache hasown@https://registry.npmjs.org/hasown/-/hasown-2.0.2.tgz 0ms (cache hit)
117 http cache has-symbols@https://registry.npmjs.org/has-symbols/-/has-symbols-1.1.0.tgz 0ms (cache hit)
118 http cache has-tostringtag@https://registry.npmjs.org/has-tostringtag/-/has-tostringtag-1.0.2.tgz 0ms (cache hit)
119 http cache gopd@https://registry.npmjs.org/gopd/-/gopd-1.2.0.tgz 0ms (cache hit)
120 http cache get-proto@https://registry.npmjs.org/get-proto/-/get-proto-1.0.1.tgz 0ms (cache hit)
121 http cache get-intrinsic@https://registry.npmjs.org/get-intrinsic/-/get-intrinsic-1.3.0.tgz 0ms (cache hit)
122 http cache function-bind@https://registry.npmjs.org/function-bind/-/function-bind-1.1.2.tgz 0ms (cache hit)
123 http cache fsevents@https://registry.npmjs.org/fsevents/-/fsevents-2.3.3.tgz 0ms (cache hit)
124 http cache form-data@https://registry.npmjs.org/form-data/-/form-data-4.0.5.tgz 0ms (cache hit)
125 http cache follow-redirects@https://registry.npmjs.org/follow-redirects/-/follow-redirects-1.15.11.tgz 0ms (cache hit)
126 http cache estree-walker@https://registry.npmjs.org/estree-walker/-/estree-walker-2.0.2.tgz 0ms (cache hit)
127 http cache esbuild@https://registry.npmjs.org/esbuild/-/esbuild-0.21.5.tgz 0ms (cache hit)
128 http cache es-set-tostringtag@https://registry.npmjs.org/es-set-tostringtag/-/es-set-tostringtag-2.1.0.tgz 0ms (cache hit)
129 http cache es-object-atoms@https://registry.npmjs.org/es-object-atoms/-/es-object-atoms-1.1.1.tgz 0ms (cache hit)
130 http cache es-errors@https://registry.npmjs.org/es-errors/-/es-errors-1.3.0.tgz 0ms (cache hit)
131 http cache es-define-property@https://registry.npmjs.org/es-define-property/-/es-define-property-1.0.1.tgz 0ms (cache hit)
132 http cache entities@https://registry.npmjs.org/entities/-/entities-7.0.0.tgz 0ms (cache hit)
133 http cache dunder-proto@https://registry.npmjs.org/dunder-proto/-/dunder-proto-1.0.1.tgz 0ms (cache hit)
134 http cache delayed-stream@https://registry.npmjs.org/delayed-stream/-/delayed-stream-1.0.0.tgz 0ms (cache hit)
135 http cache csstype@https://registry.npmjs.org/csstype/-/csstype-3.2.3.tgz 0ms (cache hit)
136 http cache combined-stream@https://registry.npmjs.org/combined-stream/-/combined-stream-1.0.8.tgz 0ms (cache hit)
137 http cache call-bind-apply-helpers@https://registry.npmjs.org/call-bind-apply-helpers/-/call-bind-apply-helpers-1.0.2.tgz 0ms (cache hit)
138 http cache axios@https://registry.npmjs.org/axios/-/axios-1.13.2.tgz 0ms (cache hit)
139 http cache asynckit@https://registry.npmjs.org/asynckit/-/asynckit-0.4.0.tgz 0ms (cache hit)
140 http cache @vue/shared@https://registry.npmjs.org/@vue/shared/-/shared-3.5.26.tgz 0ms (cache hit)
141 http cache @vue/server-renderer@https://registry.npmjs.org/@vue/server-renderer/-/server-renderer-3.5.26.tgz 0ms (cache hit)
142 http cache @vue/runtime-dom@https://registry.npmjs.org/@vue/runtime-dom/-/runtime-dom-3.5.26.tgz 0ms (cache hit)
143 http cache @vue/runtime-core@https://registry.npmjs.org/@vue/runtime-core/-/runtime-core-3.5.26.tgz 0ms (cache hit)
144 http cache @vue/reactivity@https://registry.npmjs.org/@vue/reactivity/-/reactivity-3.5.26.tgz 0ms (cache hit)
145 http cache @vue/devtools-api@https://registry.npmjs.org/@vue/devtools-api/-/devtools-api-6.6.4.tgz 0ms (cache hit)
146 http cache @vue/compiler-ssr@https://registry.npmjs.org/@vue/compiler-ssr/-/compiler-ssr-3.5.26.tgz 0ms (cache hit)
147 http cache @vue/compiler-sfc@https://registry.npmjs.org/@vue/compiler-sfc/-/compiler-sfc-3.5.26.tgz 0ms (cache hit)
148 http cache @vue/compiler-dom@https://registry.npmjs.org/@vue/compiler-dom/-/compiler-dom-3.5.26.tgz 0ms (cache hit)
149 http cache @vue/compiler-core@https://registry.npmjs.org/@vue/compiler-core/-/compiler-core-3.5.26.tgz 0ms (cache hit)
150 http cache @vitejs/plugin-vue@https://registry.npmjs.org/@vitejs/plugin-vue/-/plugin-vue-5.2.4.tgz 0ms (cache hit)
151 http cache @types/estree@https://registry.npmjs.org/@types/estree/-/estree-1.0.8.tgz 0ms (cache hit)
152 http cache @rollup/rollup-darwin-arm64@https://registry.npmjs.org/@rollup/rollup-darwin-arm64/-/rollup-darwin-arm64-4.54.0.tgz 0ms (cache hit)
153 http cache @monaco-editor/loader@https://registry.npmjs.org/@monaco-editor/loader/-/loader-1.7.0.tgz 0ms (cache hit)
154 http cache @jridgewell/sourcemap-codec@https://registry.npmjs.org/@jridgewell/sourcemap-codec/-/sourcemap-codec-1.5.5.tgz 0ms (cache hit)
155 http cache @esbuild/darwin-arm64@https://registry.npmjs.org/@esbuild/darwin-arm64/-/darwin-arm64-0.21.5.tgz 0ms (cache hit)
156 http cache @babel/types@https://registry.npmjs.org/@babel/types/-/types-7.28.5.tgz 0ms (cache hit)
157 http cache @babel/parser@https://registry.npmjs.org/@babel/parser/-/parser-7.28.5.tgz 0ms (cache hit)
158 http cache @babel/helper-string-parser@https://registry.npmjs.org/@babel/helper-string-parser/-/helper-string-parser-7.27.1.tgz 0ms (cache hit)
159 http cache @babel/helper-validator-identifier@https://registry.npmjs.org/@babel/helper-validator-identifier/-/helper-validator-identifier-7.28.5.tgz 0ms (cache hit)
160 silly tarball no local data for vue-router@https://registry.npmjs.org/vue-router/-/vue-router-4.6.4.tgz. Extracting by manifest.
161 silly tarball no local data for vue@https://registry.npmjs.org/vue/-/vue-3.5.26.tgz. Extracting by manifest.
162 silly tarball no local data for vite@https://registry.npmjs.org/vite/-/vite-5.4.21.tgz. Extracting by manifest.
163 silly tarball no local data for state-local@https://registry.npmjs.org/state-local/-/state-local-1.0.7.tgz. Extracting by manifest.
164 silly tarball no local data for source-map-js@https://registry.npmjs.org/source-map-js/-/source-map-js-1.2.1.tgz. Extracting by manifest.
165 silly tarball no local data for rollup@https://registry.npmjs.org/rollup/-/rollup-4.54.0.tgz. Extracting by manifest.
166 silly tarball no local data for proxy-from-env@https://registry.npmjs.org/proxy-from-env/-/proxy-from-env-1.1.0.tgz. Extracting by manifest.
167 silly tarball no local data for postcss@https://registry.npmjs.org/postcss/-/postcss-8.5.6.tgz. Extracting by manifest.
168 silly tarball no local data for picocolors@https://registry.npmjs.org/picocolors/-/picocolors-1.1.1.tgz. Extracting by manifest.
169 silly tarball no local data for nanoid@https://registry.npmjs.org/nanoid/-/nanoid-3.3.11.tgz. Extracting by manifest.
170 silly tarball no local data for mime-types@https://registry.npmjs.org/mime-types/-/mime-types-2.1.35.tgz. Extracting by manifest.
171 silly tarball no local data for mime-db@https://registry.npmjs.org/mime-db/-/mime-db-1.52.0.tgz. Extracting by manifest.
172 silly tarball no local data for math-intrinsics@https://registry.npmjs.org/math-intrinsics/-/math-intrinsics-1.1.0.tgz. Extracting by manifest.
173 silly tarball no local data for magic-string@https://registry.npmjs.org/magic-string/-/magic-string-0.30.21.tgz. Extracting by manifest.
174 silly tarball no local data for hasown@https://registry.npmjs.org/hasown/-/hasown-2.0.2.tgz. Extracting by manifest.
175 silly tarball no local data for has-symbols@https://registry.npmjs.org/has-symbols/-/has-symbols-1.1.0.tgz. Extracting by manifest.
176 silly tarball no local data for has-tostringtag@https://registry.npmjs.org/has-tostringtag/-/has-tostringtag-1.0.2.tgz. Extracting by manifest.
177 silly tarball no local data for gopd@https://registry.npmjs.org/gopd/-/gopd-1.2.0.tgz. Extracting by manifest.
178 silly tarball no local data for get-proto@https://registry.npmjs.org/get-proto/-/get-proto-1.0.1.tgz. Extracting by manifest.
179 silly tarball no local data for get-intrinsic@https://registry.npmjs.org/get-intrinsic/-/get-intrinsic-1.3.0.tgz. Extracting by manifest.
180 silly tarball no local data for function-bind@https://registry.npmjs.org/function-bind/-/function-bind-1.1.2.tgz. Extracting by manifest.
181 silly tarball no local data for fsevents@https://registry.npmjs.org/fsevents/-/fsevents-2.3.3.tgz. Extracting by manifest.
182 silly tarball no local data for form-data@https://registry.npmjs.org/form-data/-/form-data-4.0.5.tgz. Extracting by manifest.
183 silly tarball no local data for follow-redirects@https://registry.npmjs.org/follow-redirects/-/follow-redirects-1.15.11.tgz. Extracting by manifest.
184 silly tarball no local data for estree-walker@https://registry.npmjs.org/estree-walker/-/estree-walker-2.0.2.tgz. Extracting by manifest.
185 silly tarball no local data for esbuild@https://registry.npmjs.org/esbuild/-/esbuild-0.21.5.tgz. Extracting by manifest.
186 silly tarball no local data for es-set-tostringtag@https://registry.npmjs.org/es-set-tostringtag/-/es-set-tostringtag-2.1.0.tgz. Extracting by manifest.
187 silly tarball no local data for es-object-atoms@https://registry.npmjs.org/es-object-atoms/-/es-object-atoms-1.1.1.tgz. Extracting by manifest.
188 silly tarball no local data for es-errors@https://registry.npmjs.org/es-errors/-/es-errors-1.3.0.tgz. Extracting by manifest.
189 silly tarball no local data for es-define-property@https://registry.npmjs.org/es-define-property/-/es-define-property-1.0.1.tgz. Extracting by manifest.
190 silly tarball no local data for entities@https://registry.npmjs.org/entities/-/entities-7.0.0.tgz. Extracting by manifest.
191 silly tarball no local data for dunder-proto@https://registry.npmjs.org/dunder-proto/-/dunder-proto-1.0.1.tgz. Extracting by manifest.
192 silly tarball no local data for delayed-stream@https://registry.npmjs.org/delayed-stream/-/delayed-stream-1.0.0.tgz. Extracting by manifest.
193 silly tarball no local data for csstype@https://registry.npmjs.org/csstype/-/csstype-3.2.3.tgz. Extracting by manifest.
194 silly tarball no local data for combined-stream@https://registry.npmjs.org/combined-stream/-/combined-stream-1.0.8.tgz. Extracting by manifest.
195 silly tarball no local data for call-bind-apply-helpers@https://registry.npmjs.org/call-bind-apply-helpers/-/call-bind-apply-helpers-1.0.2.tgz. Extracting by manifest.
196 silly tarball no local data for axios@https://registry.npmjs.org/axios/-/axios-1.13.2.tgz. Extracting by manifest.
197 silly tarball no local data for asynckit@https://registry.npmjs.org/asynckit/-/asynckit-0.4.0.tgz. Extracting by manifest.
198 silly tarball no local data for @vue/shared@https://registry.npmjs.org/@vue/shared/-/shared-3.5.26.tgz. Extracting by manifest.
199 silly tarball no local data for @vue/server-renderer@https://registry.npmjs.org/@vue/server-renderer/-/server-renderer-3.5.26.tgz. Extracting by manifest.
200 silly tarball no local data for @vue/runtime-dom@https://registry.npmjs.org/@vue/runtime-dom/-/runtime-dom-3.5.26.tgz. Extracting by manifest.
201 silly tarball no local data for @vue/runtime-core@https://registry.npmjs.org/@vue/runtime-core/-/runtime-core-3.5.26.tgz. Extracting by manifest.
202 silly tarball no local data for @vue/reactivity@https://registry.npmjs.org/@vue/reactivity/-/reactivity-3.5.26.tgz. Extracting by manifest.
203 silly tarball no local data for @vue/devtools-api@https://registry.npmjs.org/@vue/devtools-api/-/devtools-api-6.6.4.tgz. Extracting by manifest.
204 silly tarball no local data for @vue/compiler-ssr@https://registry.npmjs.org/@vue/compiler-ssr/-/compiler-ssr-3.5.26.tgz. Extracting by manifest.
205 silly tarball no local data for @vue/compiler-sfc@https://registry.npmjs.org/@vue/compiler-sfc/-/compiler-sfc-3.5.26.tgz. Extracting by manifest.
206 silly tarball no local data for @vue/compiler-dom@https://registry.npmjs.org/@vue/compiler-dom/-/compiler-dom-3.5.26.tgz. Extracting by manifest.
207 silly tarball no local data for @vue/compiler-core@https://registry.npmjs.org/@vue/compiler-core/-/compiler-core-3.5.26.tgz. Extracting by manifest.
208 silly tarball no local data for @vitejs/plugin-vue@https://registry.npmjs.org/@vitejs/plugin-vue/-/plugin-vue-5.2.4.tgz. Extracting by manifest.
209 silly tarball no local data for @types/estree@https://registry.npmjs.org/@types/estree/-/estree-1.0.8.tgz. Extracting by manifest.
210 silly tarball no local data for @rollup/rollup-darwin-arm64@https://registry.npmjs.org/@rollup/rollup-darwin-arm64/-/rollup-darwin-arm64-4.54.0.tgz. Extracting by manifest.
211 silly tarball no local data for @monaco-editor/loader@https://registry.npmjs.org/@monaco-editor/loader/-/loader-1.7.0.tgz. Extracting by manifest.
212 silly tarball no local data for @jridgewell/sourcemap-codec@https://registry.npmjs.org/@jridgewell/sourcemap-codec/-/sourcemap-codec-1.5.5.tgz. Extracting by manifest.
213 silly tarball no local data for @esbuild/darwin-arm64@https://registry.npmjs.org/@esbuild/darwin-arm64/-/darwin-arm64-0.21.5.tgz. Extracting by manifest.
214 silly tarball no local data for @babel/types@https://registry.npmjs.org/@babel/types/-/types-7.28.5.tgz. Extracting by manifest.
215 silly tarball no local data for @babel/parser@https://registry.npmjs.org/@babel/parser/-/parser-7.28.5.tgz. Extracting by manifest.
216 silly tarball no local data for @babel/helper-string-parser@https://registry.npmjs.org/@babel/helper-string-parser/-/helper-string-parser-7.27.1.tgz. Extracting by manifest.
217 silly tarball no local data for @babel/helper-validator-identifier@https://registry.npmjs.org/@babel/helper-validator-identifier/-/helper-validator-identifier-7.28.5.tgz. Extracting by manifest.
218 http fetch GET 200 https://registry.npmjs.org/source-map-js/-/source-map-js-1.2.1.tgz 234ms (cache miss)
219 http fetch GET 200 https://registry.npmjs.org/state-local/-/state-local-1.0.7.tgz 270ms (cache miss)
220 http fetch GET 200 https://registry.npmjs.org/mime-db/-/mime-db-1.52.0.tgz 299ms (cache miss)
221 http fetch GET 200 https://registry.npmjs.org/nanoid/-/nanoid-3.3.11.tgz 399ms (cache miss)
222 http fetch GET 200 https://registry.npmjs.org/postcss/-/postcss-8.5.6.tgz 451ms (cache miss)
223 http fetch GET 200 https://registry.npmjs.org/mime-types/-/mime-types-2.1.35.tgz 460ms (cache miss)
224 http fetch GET 200 https://registry.npmjs.org/math-intrinsics/-/math-intrinsics-1.1.0.tgz 463ms (cache miss)
225 http fetch GET 200 https://registry.npmjs.org/hasown/-/hasown-2.0.2.tgz 505ms (cache miss)
226 http fetch GET 200 https://registry.npmjs.org/has-symbols/-/has-symbols-1.1.0.tgz 519ms (cache miss)
227 http fetch POST 200 https://registry.npmjs.org/-/npm/v1/security/advisories/bulk 572ms
228 silly audit report {
228 silly audit report   esbuild: [
228 silly audit report     {
228 silly audit report       id: 1102341,
228 silly audit report       url: 'https://github.com/advisories/GHSA-67mh-4wv8-2f99',
228 silly audit report       title: 'esbuild enables any website to send any requests to the development server and read the response',
228 silly audit report       severity: 'moderate',
228 silly audit report       vulnerable_versions: '<=0.24.2',
228 silly audit report       cwe: [Array],
228 silly audit report       cvss: [Object]
228 silly audit report     }
228 silly audit report   ]
228 silly audit report }
229 silly packumentCache corgi:https://registry.npmjs.org/esbuild cache-miss
230 http fetch GET 200 https://registry.npmjs.org/has-tostringtag/-/has-tostringtag-1.0.2.tgz 535ms (cache miss)
231 http fetch GET 200 https://registry.npmjs.org/gopd/-/gopd-1.2.0.tgz 596ms (cache miss)
232 http fetch GET 200 https://registry.npmjs.org/get-proto/-/get-proto-1.0.1.tgz 597ms (cache miss)
233 http fetch GET 200 https://registry.npmjs.org/magic-string/-/magic-string-0.30.21.tgz 633ms (cache miss)
234 http fetch GET 200 https://registry.npmjs.org/function-bind/-/function-bind-1.1.2.tgz 676ms (cache miss)
235 http fetch GET 200 https://registry.npmjs.org/get-intrinsic/-/get-intrinsic-1.3.0.tgz 684ms (cache miss)
236 http fetch GET 200 https://registry.npmjs.org/fsevents/-/fsevents-2.3.3.tgz 696ms (cache miss)
237 http fetch GET 200 https://registry.npmjs.org/form-data/-/form-data-4.0.5.tgz 753ms (cache miss)
238 http fetch GET 200 https://registry.npmjs.org/follow-redirects/-/follow-redirects-1.15.11.tgz 771ms (cache miss)
239 http fetch GET 200 https://registry.npmjs.org/estree-walker/-/estree-walker-2.0.2.tgz 774ms (cache miss)
240 http fetch GET 200 https://registry.npmjs.org/picocolors/-/picocolors-1.1.1.tgz 786ms (cache miss)
241 http fetch GET 200 https://registry.npmjs.org/esbuild/-/esbuild-0.21.5.tgz 798ms (cache miss)
242 http fetch GET 200 https://registry.npmjs.org/es-set-tostringtag/-/es-set-tostringtag-2.1.0.tgz 804ms (cache miss)
243 http fetch GET 200 https://registry.npmjs.org/vite/-/vite-5.4.21.tgz 856ms (cache miss)
244 http fetch GET 200 https://registry.npmjs.org/es-object-atoms/-/es-object-atoms-1.1.1.tgz 858ms (cache miss)
245 http fetch GET 200 https://registry.npmjs.org/es-define-property/-/es-define-property-1.0.1.tgz 859ms (cache miss)
246 http fetch GET 200 https://registry.npmjs.org/es-errors/-/es-errors-1.3.0.tgz 873ms (cache miss)
247 http fetch GET 200 https://registry.npmjs.org/rollup/-/rollup-4.54.0.tgz 934ms (cache miss)
248 http fetch GET 200 https://registry.npmjs.org/entities/-/entities-7.0.0.tgz 1032ms (cache miss)
249 http fetch GET 200 https://registry.npmjs.org/delayed-stream/-/delayed-stream-1.0.0.tgz 1136ms (cache miss)
250 http fetch GET 200 https://registry.npmjs.org/combined-stream/-/combined-stream-1.0.8.tgz 1208ms (cache miss)
251 http fetch GET 200 https://registry.npmjs.org/vue-router/-/vue-router-4.6.4.tgz 1215ms (cache miss)
252 http fetch GET 200 https://registry.npmjs.org/call-bind-apply-helpers/-/call-bind-apply-helpers-1.0.2.tgz 1210ms (cache miss)
253 http fetch GET 200 https://registry.npmjs.org/proxy-from-env/-/proxy-from-env-1.1.0.tgz 1300ms (cache miss)
254 http fetch GET 200 https://registry.npmjs.org/asynckit/-/asynckit-0.4.0.tgz 1296ms (cache miss)
255 http fetch GET 200 https://registry.npmjs.org/@vue/shared/-/shared-3.5.26.tgz 1297ms (cache miss)
256 http fetch GET 200 https://registry.npmjs.org/dunder-proto/-/dunder-proto-1.0.1.tgz 1299ms (cache miss)
257 http fetch GET 200 https://registry.npmjs.org/@vue/server-renderer/-/server-renderer-3.5.26.tgz 1308ms (cache miss)
258 http fetch GET 200 https://registry.npmjs.org/@vue/runtime-core/-/runtime-core-3.5.26.tgz 1376ms (cache miss)
259 http fetch GET 200 https://registry.npmjs.org/@vue/reactivity/-/reactivity-3.5.26.tgz 1403ms (cache miss)
260 http fetch GET 200 https://registry.npmjs.org/csstype/-/csstype-3.2.3.tgz 1417ms (cache miss)
261 http fetch GET 200 https://registry.npmjs.org/vue/-/vue-3.5.26.tgz 1426ms (cache miss)
262 http fetch GET 200 https://registry.npmjs.org/@vue/devtools-api/-/devtools-api-6.6.4.tgz 1422ms (cache miss)
263 http fetch GET 200 https://registry.npmjs.org/@vue/compiler-ssr/-/compiler-ssr-3.5.26.tgz 1431ms (cache miss)
264 http fetch GET 200 https://registry.npmjs.org/@types/estree/-/estree-1.0.8.tgz 1596ms (cache miss)
265 http fetch GET 200 https://registry.npmjs.org/@vitejs/plugin-vue/-/plugin-vue-5.2.4.tgz 1597ms (cache miss)
266 http fetch GET 200 https://registry.npmjs.org/@monaco-editor/loader/-/loader-1.7.0.tgz 1670ms (cache miss)
267 http fetch GET 200 https://registry.npmjs.org/@jridgewell/sourcemap-codec/-/sourcemap-codec-1.5.5.tgz 1682ms (cache miss)
268 http fetch GET 200 https://registry.npmjs.org/axios/-/axios-1.13.2.tgz 1721ms (cache miss)
269 http fetch GET 200 https://registry.npmjs.org/@vue/compiler-dom/-/compiler-dom-3.5.26.tgz 1719ms (cache miss)
270 http fetch GET 200 https://registry.npmjs.org/@babel/helper-string-parser/-/helper-string-parser-7.27.1.tgz 1756ms (cache miss)
271 http fetch GET 200 https://registry.npmjs.org/@babel/helper-validator-identifier/-/helper-validator-identifier-7.28.5.tgz 1775ms (cache miss)
272 http fetch GET 200 https://registry.npmjs.org/@babel/types/-/types-7.28.5.tgz 1861ms (cache miss)
273 http fetch GET 200 https://registry.npmjs.org/@vue/compiler-core/-/compiler-core-3.5.26.tgz 1878ms (cache miss)
274 http fetch GET 200 https://registry.npmjs.org/@vue/runtime-dom/-/runtime-dom-3.5.26.tgz 1909ms (cache miss)
275 http fetch GET 200 https://registry.npmjs.org/@babel/parser/-/parser-7.28.5.tgz 2211ms (cache miss)
276 http fetch GET 200 https://registry.npmjs.org/@vue/compiler-sfc/-/compiler-sfc-3.5.26.tgz 2230ms (cache miss)
277 http fetch GET 200 https://registry.npmjs.org/esbuild 1829ms (cache miss)
278 silly packumentCache corgi:https://registry.npmjs.org/esbuild set size:undefined disposed:false
279 silly packumentCache corgi:https://registry.npmjs.org/vite cache-miss
280 http fetch GET 200 https://registry.npmjs.org/@rollup/rollup-darwin-arm64/-/rollup-darwin-arm64-4.54.0.tgz 2392ms (cache miss)
281 http fetch GET 200 https://registry.npmjs.org/vite 435ms (cache miss)
282 silly packumentCache corgi:https://registry.npmjs.org/vite set size:undefined disposed:false
283 silly packumentCache corgi:https://registry.npmjs.org/@vitejs%2fplugin-vue cache-miss
284 http fetch GET 200 https://registry.npmjs.org/@vitejs%2fplugin-vue 348ms (cache miss)
285 silly packumentCache corgi:https://registry.npmjs.org/@vitejs%2fplugin-vue set size:undefined disposed:false
286 http fetch GET 200 https://registry.npmjs.org/@esbuild/darwin-arm64/-/darwin-arm64-0.21.5.tgz 3238ms (cache miss)
287 info run esbuild@0.21.5 postinstall node_modules/esbuild node install.js
288 info run esbuild@0.21.5 postinstall { code: 0, signal: null }
289 silly ADD node_modules/vue-router
290 silly ADD node_modules/vue
291 silly ADD node_modules/vite
292 silly ADD node_modules/state-local
293 silly ADD node_modules/source-map-js
294 silly ADD node_modules/rollup
295 silly ADD node_modules/proxy-from-env
296 silly ADD node_modules/postcss
297 silly ADD node_modules/picocolors
298 silly ADD node_modules/nanoid
299 silly ADD node_modules/mime-types
300 silly ADD node_modules/mime-db
301 silly ADD node_modules/math-intrinsics
302 silly ADD node_modules/magic-string
303 silly ADD node_modules/hasown
304 silly ADD node_modules/has-tostringtag
305 silly ADD node_modules/has-symbols
306 silly ADD node_modules/gopd
307 silly ADD node_modules/get-proto
308 silly ADD node_modules/get-intrinsic
309 silly ADD node_modules/function-bind
310 silly ADD node_modules/fsevents
311 silly ADD node_modules/form-data
312 silly ADD node_modules/follow-redirects
313 silly ADD node_modules/estree-walker
314 silly ADD node_modules/esbuild
315 silly ADD node_modules/es-set-tostringtag
316 silly ADD node_modules/es-object-atoms
317 silly ADD node_modules/es-errors
318 silly ADD node_modules/es-define-property
319 silly ADD node_modules/entities
320 silly ADD node_modules/dunder-proto
321 silly ADD node_modules/delayed-stream
322 silly ADD node_modules/csstype
323 silly ADD node_modules/combined-stream
324 silly ADD node_modules/call-bind-apply-helpers
325 silly ADD node_modules/axios
326 silly ADD node_modules/asynckit
327 silly ADD node_modules/@vue/shared
328 silly ADD node_modules/@vue/server-renderer
329 silly ADD node_modules/@vue/runtime-dom
330 silly ADD node_modules/@vue/runtime-core
331 silly ADD node_modules/@vue/reactivity
332 silly ADD node_modules/@vue/devtools-api
333 silly ADD node_modules/@vue/compiler-ssr
334 silly ADD node_modules/@vue/compiler-sfc
335 silly ADD node_modules/@vue/compiler-dom
336 silly ADD node_modules/@vue/compiler-core
337 silly ADD node_modules/@vitejs/plugin-vue
338 silly ADD node_modules/@types/estree
339 silly ADD
340 silly ADD
341 silly ADD
342 silly ADD
343 silly ADD
344 silly ADD
345 silly ADD
346 silly ADD
347 silly ADD
348 silly ADD
349 silly ADD
350 silly ADD
351 silly ADD
352 silly ADD
353 silly ADD
354 silly ADD
355 silly ADD
356 silly ADD
357 silly ADD
358 silly ADD node_modules/@rollup/rollup-darwin-arm64
359 silly ADD
360 silly ADD
361 silly ADD node_modules/@monaco-editor/loader
362 silly ADD node_modules/@jridgewell/sourcemap-codec
363 silly ADD
364 silly ADD
365 silly ADD
366 silly ADD
367 silly ADD
368 silly ADD
369 silly ADD
370 silly ADD
371 silly ADD
372 silly ADD
373 silly ADD
374 silly ADD
375 silly ADD
376 silly ADD
377 silly ADD
378 silly ADD
379 silly ADD
380 silly ADD
381 silly ADD node_modules/@esbuild/darwin-arm64
382 silly ADD
383 silly ADD
384 silly ADD
385 silly ADD
386 silly ADD node_modules/@babel/types
387 silly ADD node_modules/@babel/parser
388 silly ADD node_modules/@babel/helper-validator-identifier
389 silly ADD node_modules/@babel/helper-string-parser
390 verbose cwd /Users/premecwy/Desktop/python-talk/main-app
391 verbose os Darwin 24.3.0
392 verbose node v22.18.0
393 verbose npm  v10.9.3
394 verbose exit 0
395 info ok
